
ROM used: 3996 (12%)
          3996 (12%) including unused fragments

          1 Average locations per line
          6 Average locations per statement

RAM used: 203 (10%) at main() level
          235 (11%) worst case

Stack used: 13 worst case (out of 31 total available)

Lines Stmts  %   Files
----- ----- ---  -----
  212    73  11  nes.c
  458     0   0  ..\..\..\..\Program Files\PICC\devices\18F4550.h
  222     0   0  ..\..\..\..\Program Files\PICC\drivers\pic18_usb.h
  328     0   0  ..\..\..\..\Program Files\PICC\drivers\usb_hw_layer.h
  302     0   0  usb_kbd_HID.h
 1063     0   0  ..\..\..\..\Program Files\PICC\drivers\usb.h
  808   246  38  ..\..\..\..\Program Files\PICC\drivers\usb.c
 1281   320  50  ..\..\..\..\Program Files\PICC\drivers\pic18_usb.c
----- -----
 4674   639 Total

Page ROM  %  RAM   Vol Diff  Functions:
---- --- --- ---   --- ----  ----------
0     40   1   1             @delay_ms1
0     32   0   0             @const160
0     48   1   0             @const164
0     58   1   0             @const168
0     18   0   0             @const170
0     20   0   0             @const173
0     58   1   0             @const176
0     18   0   0             @const178
0     18   0   0             @const180
0     34   0   0             @const184
0     20   0   0             @const186
0     74   1   0             @const188
0     64   1   3   133  4.3  usb_tbe
0     36   0   1   134  2.5  usb_detach
0     34   0   0   136  2.2  usb_attach
0      6   0   0    16  1.0  usb_init_cs
0     36   0   1   346  4.6  usb_task
0     14   0   0    61  2.5  usb_init
0    212   3   7  1083  5.4  usb_flush_in
0    168   2  10   320  5.5  usb_put_packet
0    184   2   7   899  4.9  usb_flush_out
0     70   1   4   251  4.6  usb_stall_ep
0     68   1   4   258  4.6  usb_unstall_ep
0     86   1   5   360  5.8  usb_endpoint_stalled
0     22   0   1    88  2.7  usb_set_address
0    370   5  10  1722  9.8  usb_set_configured
0     76   1   3   192  3.2  usb_disable_endpoint
0     22   0   1    93  2.9  usb_disable_endpoints
0      4   0   0    39  2.0  usb_clear_trn
0    126   2   2   638  6.6  usb_isr
0      6   0   0    43  2.0  usb_isr_sof
0     42   1   0   357  4.2  usb_isr_rst
0     32   0   0   508  4.0  usb_init_ep0_setup
0      8   0   0    74  2.8  usb_isr_uerr
0     10   0   0    82  2.8  usb_isr_uidle
0     16   0   0   102  3.3  usb_isr_activity
0     14   0   0   151  3.9  usb_isr_stall
0      6   0   1    30  1.7  usb_request_send_response
0      6   0   0    22  1.2  usb_request_stall
0    336   4   5  2031  7.9  usb_isr_tok_dne
0      6   0   0    29  1.9  usb_enumerated
0     36   0   3   231  4.0  usb_token_reset
0     68   1   3   267  5.9  usb_endpoint_is_valid
0     22   0   1   152  3.0  usb_isr_tok_in_dne
0      6   0   1    48  1.9  usb_isr_tok_out_dne
0     52   1   0   336  5.5  usb_isr_tok_setup_dne
0    166   2   0  1454  8.3  usb_isr_tkn_setup_StandardDevice
0    150   2   3   993  7.8  usb_isr_tkn_setup_StandardInterface
0     96   1   0   753  5.8  usb_isr_tkn_setup_StandardEndpoint
0     16   0   0   105  3.8  usb_isr_tkn_setup_ClassInterface
0    204   3   0  1492  8.8  usb_Get_Descriptor
0     14   0   0    76  1.8  usb_finish_set_address
0    110   1   4   678  7.8  usb_copy_desc_seg_to_ep
0     34   0   0             @goto11051
0    126   2   0   873  6.0  NES_Read
0    196   2   3  1634  5.9  MAIN

Program metrics:
    Functions               43
    Statements              639
    Comments                2432
    Volume (V)              34791
    Difficilty (D)          193.0
    Effort to implement (E) 6715478
    Time to implement (T)   103 hours, 38 minutes
    Est Delivered Bugs (B)  12
    Cyclomatic Complexity   121
    Maintainability (MI)    52

 Segment     Used  Free
-----------  ----  ----
00000-00002     4  0  
00004-00006     4  0  
00008-000B8   178  0  
000BA-07FFE  3810  28772  



